{"/Users/javi776/Desktop/proyecto-pacientes-medicos/backend/utils/auth.js": {"path":"/Users/javi776/Desktop/proyecto-pacientes-medicos/backend/utils/auth.js","statementMap":{"0":{"start":{"line":11,"column":2},"end":{"line":15,"column":3}},"1":{"start":{"line":12,"column":4},"end":{"line":12,"column":74}},"2":{"start":{"line":13,"column":9},"end":{"line":15,"column":3}},"3":{"start":{"line":14,"column":4},"end":{"line":14,"column":92}},"4":{"start":{"line":16,"column":2},"end":{"line":16,"column":14}},"5":{"start":{"line":28,"column":2},"end":{"line":32,"column":3}},"6":{"start":{"line":29,"column":4},"end":{"line":29,"column":63}},"7":{"start":{"line":30,"column":9},"end":{"line":32,"column":3}},"8":{"start":{"line":31,"column":4},"end":{"line":31,"column":78}},"9":{"start":{"line":33,"column":2},"end":{"line":33,"column":71}},"10":{"start":{"line":36,"column":0},"end":{"line":39,"column":2}}},"fnMap":{"0":{"name":"loginUser","decl":{"start":{"line":10,"column":9},"end":{"line":10,"column":18}},"loc":{"start":{"line":10,"column":45},"end":{"line":17,"column":1}},"line":10},"1":{"name":"registerUser","decl":{"start":{"line":25,"column":9},"end":{"line":25,"column":21}},"loc":{"start":{"line":25,"column":42},"end":{"line":34,"column":1}},"line":25}},"branchMap":{"0":{"loc":{"start":{"line":11,"column":2},"end":{"line":15,"column":3}},"type":"if","locations":[{"start":{"line":11,"column":2},"end":{"line":15,"column":3}},{"start":{"line":13,"column":9},"end":{"line":15,"column":3}}],"line":11},"1":{"loc":{"start":{"line":11,"column":6},"end":{"line":11,"column":78}},"type":"binary-expr","locations":[{"start":{"line":11,"column":6},"end":{"line":11,"column":29}},{"start":{"line":11,"column":33},"end":{"line":11,"column":59}},{"start":{"line":11,"column":63},"end":{"line":11,"column":78}}],"line":11},"2":{"loc":{"start":{"line":13,"column":9},"end":{"line":15,"column":3}},"type":"if","locations":[{"start":{"line":13,"column":9},"end":{"line":15,"column":3}},{"start":{},"end":{}}],"line":13},"3":{"loc":{"start":{"line":13,"column":13},"end":{"line":13,"column":80}},"type":"binary-expr","locations":[{"start":{"line":13,"column":13},"end":{"line":13,"column":33}},{"start":{"line":13,"column":37},"end":{"line":13,"column":60}},{"start":{"line":13,"column":64},"end":{"line":13,"column":80}}],"line":13},"4":{"loc":{"start":{"line":28,"column":2},"end":{"line":32,"column":3}},"type":"if","locations":[{"start":{"line":28,"column":2},"end":{"line":32,"column":3}},{"start":{"line":30,"column":9},"end":{"line":32,"column":3}}],"line":28},"5":{"loc":{"start":{"line":30,"column":9},"end":{"line":32,"column":3}},"type":"if","locations":[{"start":{"line":30,"column":9},"end":{"line":32,"column":3}},{"start":{},"end":{}}],"line":30},"6":{"loc":{"start":{"line":30,"column":13},"end":{"line":30,"column":35}},"type":"binary-expr","locations":[{"start":{"line":30,"column":13},"end":{"line":30,"column":22}},{"start":{"line":30,"column":26},"end":{"line":30,"column":35}}],"line":30}},"s":{"0":4,"1":1,"2":3,"3":1,"4":2,"5":4,"6":1,"7":3,"8":2,"9":1,"10":1},"f":{"0":4,"1":4},"b":{"0":[1,3],"1":[4,2,2],"2":[1,2],"3":[3,1,1],"4":[1,3],"5":[2,1],"6":[3,2]},"_coverageSchema":"1a1c01bbd47fc00a2c39e90264f33305004495a9","hash":"0805fb9dd21f58e7b7f24bf4449d84c405ab829c"}
}
